<?xml version="1.0" encoding="utf-8"?><testsuites name="pytest tests"><testsuite name="pytest" errors="0" failures="0" skipped="0" tests="20" time="10.785" timestamp="2026-02-19T12:35:20.829011+00:00" hostname="agent-env-b3e12ba3-ece6-4583-9a10-d81c98760d92"><testcase classname="tests.test_backend_api.TestHealthAndSetup" name="test_seed_data" time="0.240" /><testcase classname="tests.test_backend_api.TestIssuesPublic" name="test_get_all_issues" time="0.159" /><testcase classname="tests.test_backend_api.TestIssuesPublic" name="test_get_specific_issue" time="0.136" /><testcase classname="tests.test_backend_api.TestIssuesPublic" name="test_get_nonexistent_issue" time="0.112" /><testcase classname="tests.test_backend_api.TestAuthEndpoints" name="test_auth_me_without_token" time="0.111" /><testcase classname="tests.test_backend_api.TestAuthEndpoints" name="test_auth_me_with_token" time="0.139" /><testcase classname="tests.test_backend_api.TestSaveUnsaveEndpoints" name="test_save_issue_without_auth" time="0.115" /><testcase classname="tests.test_backend_api.TestSaveUnsaveEndpoints" name="test_save_and_unsave_flow" time="0.342" /><testcase classname="tests.test_backend_api.TestSaveUnsaveEndpoints" name="test_get_saved_issues_without_auth" time="0.140" /><testcase classname="tests.test_backend_api.TestSaveUnsaveEndpoints" name="test_get_saved_ids_without_auth" time="0.118" /><testcase classname="tests.test_backend_api.TestApplyEndpoint" name="test_apply_without_auth" time="0.102" /><testcase classname="tests.test_backend_api.TestApplyEndpoint" name="test_apply_issue" time="0.118" /><testcase classname="tests.test_backend_api.TestShareEndpoint" name="test_share_issue" time="0.097" /><testcase classname="tests.test_backend_api.TestChatEndpoints" name="test_get_chat_history_without_auth" time="0.120" /><testcase classname="tests.test_backend_api.TestChatEndpoints" name="test_send_chat_without_auth" time="0.106" /><testcase classname="tests.test_backend_api.TestChatEndpoints" name="test_chat_flow_with_ai" time="8.138" /><testcase classname="tests.test_backend_api.TestChatEndpoints" name="test_chat_nonexistent_issue" time="0.122" /><testcase classname="tests.test_backend_api.TestDataValidation" name="test_issue_diff_lines_structure" time="0.105" /><testcase classname="tests.test_backend_api.TestDataValidation" name="test_trajectory_steps_structure" time="0.111" /><testcase classname="tests.test_backend_api.TestDataValidation" name="test_no_mongodb_id_in_responses" time="0.099" /></testsuite></testsuites>